PREFIX=/usr/local
Unpacking payload ...
Extracting python-3.8.15-h4a9ceb5_0_cpython.conda
Extracting _libgcc_mutex-0.1-conda_forge.tar.bz2
Extracting ca-certificates-2022.9.24-ha878542_0.tar.bz2
Extracting ld_impl_linux-64-2.39-hcc3a1bd_1.conda
Extracting libstdcxx-ng-12.2.0-h46fd767_19.tar.bz2
Extracting pybind11-abi-4-hd8ed1ab_3.tar.bz2
Extracting python_abi-3.8-3_cp38.conda
Extracting libgomp-12.2.0-h65d4601_19.tar.bz2
Extracting _openmp_mutex-4.5-2_gnu.tar.bz2
Extracting libgcc-ng-12.2.0-h65d4601_19.tar.bz2
Extracting bzip2-1.0.8-h7f98852_4.tar.bz2
Extracting c-ares-1.18.1-h7f98852_0.tar.bz2
Extracting fmt-9.1.0-h924138e_0.tar.bz2
Extracting icu-70.1-h27087fc_0.tar.bz2
Extracting keyutils-1.6.1-h166bdaf_0.tar.bz2
Extracting libev-4.33-h516909a_1.tar.bz2
Extracting libffi-3.4.2-h7f98852_5.tar.bz2
Extracting libiconv-1.17-h166bdaf_0.tar.bz2
Extracting libnsl-2.0.0-h7f98852_0.tar.bz2
Extracting libuuid-2.32.1-h7f98852_1000.tar.bz2
Extracting libzlib-1.2.13-h166bdaf_4.tar.bz2
Extracting lz4-c-1.9.3-h9c3ff4c_1.tar.bz2
Extracting lzo-2.10-h516909a_1000.tar.bz2
Extracting ncurses-6.3-h27087fc_1.tar.bz2
Extracting openssl-3.0.7-h0b41bf4_1.conda
Extracting reproc-14.2.3-h7f98852_0.tar.bz2
Extracting xz-5.2.6-h166bdaf_0.tar.bz2
Extracting yaml-0.2.5-h7f98852_2.tar.bz2
Extracting yaml-cpp-0.7.0-h27087fc_2.tar.bz2
Extracting libedit-3.1.20191231-he28a2e2_2.tar.bz2
Extracting libnghttp2-1.47.0-hff17c54_1.tar.bz2
Extracting libsolv-0.7.22-h6239696_0.tar.bz2
Extracting libsqlite-3.40.0-h753d276_0.tar.bz2
Extracting libssh2-1.10.0-hf14f497_3.tar.bz2
Extracting libxml2-2.10.3-h7463322_0.tar.bz2
Extracting readline-8.1.2-h0f457ee_0.tar.bz2
Extracting reproc-cpp-14.2.3-h9c3ff4c_0.tar.bz2
Extracting tk-8.6.12-h27826a3_0.tar.bz2
Extracting zstd-1.5.2-h6239696_4.tar.bz2
Extracting krb5-1.19.3-h08a2579_0.tar.bz2
Extracting libarchive-3.5.2-hada088e_3.tar.bz2
Extracting certifi-2022.9.24-pyhd8ed1ab_0.tar.bz2
Extracting charset-normalizer-2.1.1-pyhd8ed1ab_0.tar.bz2
Extracting idna-3.4-pyhd8ed1ab_0.tar.bz2
Extracting libcurl-7.86.0-h2283fc2_1.tar.bz2
Extracting pycosat-0.6.4-py38h0a891b7_1.tar.bz2
Extracting pycparser-2.21-pyhd8ed1ab_0.tar.bz2
Extracting pysocks-1.7.1-pyha2e5f31_6.tar.bz2
Extracting ruamel_yaml-0.15.80-py38h0a891b7_1008.tar.bz2
Extracting setuptools-65.5.1-pyhd8ed1ab_0.tar.bz2
Extracting toolz-0.12.0-pyhd8ed1ab_0.tar.bz2
Extracting wheel-0.38.4-pyhd8ed1ab_0.tar.bz2
Extracting cffi-1.15.1-py38h4a40e3a_2.tar.bz2
Extracting libmamba-1.0.0-h9eff5f0_2.tar.bz2
Extracting pip-22.3.1-pyhd8ed1ab_0.tar.bz2
Extracting brotlipy-0.7.0-py38h0a891b7_1005.tar.bz2
Extracting cryptography-38.0.4-py38h80a4ca7_0.conda
Extracting libmambapy-1.0.0-py38h2cd2533_2.tar.bz2
Extracting zstandard-0.19.0-py38h5945529_1.conda
Extracting conda-package-streaming-0.7.0-pyhd8ed1ab_1.conda
Extracting pyopenssl-22.1.0-pyhd8ed1ab_0.tar.bz2
Extracting conda-package-handling-2.0.2-pyh38be061_0.conda
Extracting urllib3-1.26.13-pyhd8ed1ab_0.conda
Extracting requests-2.28.1-pyhd8ed1ab_1.tar.bz2
Extracting conda-22.9.0-py38h578d9bd_2.tar.bz2
Extracting mamba-1.0.0-py38haad2881_2.tar.bz2

                                           __
          __  ______ ___  ____ _____ ___  / /_  ____ _
         / / / / __ `__ \/ __ `/ __ `__ \/ __ \/ __ `/
        / /_/ / / / / / / /_/ / / / / / / /_/ / /_/ /
       / .___/_/ /_/ /_/\__,_/_/ /_/ /_/_.___/\__,_/
      /_/

conda-forge/linux-64                                        Using cache
conda-forge/noarch                                          Using cache

Transaction

  Prefix: /usr/local

  Updating specs:

   - python==3.8.15=h4a9ceb5_0_cpython
   - _libgcc_mutex==0.1=conda_forge
   - ca-certificates==2022.9.24=ha878542_0
   - ld_impl_linux-64==2.39=hcc3a1bd_1
   - libstdcxx-ng==12.2.0=h46fd767_19
   - pybind11-abi==4=hd8ed1ab_3
   - python_abi==3.8=3_cp38
   - libgomp==12.2.0=h65d4601_19
   - _openmp_mutex==4.5=2_gnu
   - libgcc-ng==12.2.0=h65d4601_19
   - bzip2==1.0.8=h7f98852_4
   - c-ares==1.18.1=h7f98852_0
   - fmt==9.1.0=h924138e_0
   - icu==70.1=h27087fc_0
   - keyutils==1.6.1=h166bdaf_0
   - libev==4.33=h516909a_1
   - libffi==3.4.2=h7f98852_5
   - libiconv==1.17=h166bdaf_0
   - libnsl==2.0.0=h7f98852_0
   - libuuid==2.32.1=h7f98852_1000
   - libzlib==1.2.13=h166bdaf_4
   - lz4-c==1.9.3=h9c3ff4c_1
   - lzo==2.10=h516909a_1000
   - ncurses==6.3=h27087fc_1
   - openssl==3.0.7=h0b41bf4_1
   - reproc==14.2.3=h7f98852_0
   - xz==5.2.6=h166bdaf_0
   - yaml==0.2.5=h7f98852_2
   - yaml-cpp==0.7.0=h27087fc_2
   - libedit==3.1.20191231=he28a2e2_2
   - libnghttp2==1.47.0=hff17c54_1
   - libsolv==0.7.22=h6239696_0
   - libsqlite==3.40.0=h753d276_0
   - libssh2==1.10.0=hf14f497_3
   - libxml2==2.10.3=h7463322_0
   - readline==8.1.2=h0f457ee_0
   - reproc-cpp==14.2.3=h9c3ff4c_0
   - tk==8.6.12=h27826a3_0
   - zstd==1.5.2=h6239696_4
   - krb5==1.19.3=h08a2579_0
   - libarchive==3.5.2=hada088e_3
   - certifi==2022.9.24=pyhd8ed1ab_0
   - charset-normalizer==2.1.1=pyhd8ed1ab_0
   - idna==3.4=pyhd8ed1ab_0
   - libcurl==7.86.0=h2283fc2_1
   - pycosat==0.6.4=py38h0a891b7_1
   - pycparser==2.21=pyhd8ed1ab_0
   - pysocks==1.7.1=pyha2e5f31_6
   - ruamel_yaml==0.15.80=py38h0a891b7_1008
   - setuptools==65.5.1=pyhd8ed1ab_0
   - toolz==0.12.0=pyhd8ed1ab_0
   - wheel==0.38.4=pyhd8ed1ab_0
   - cffi==1.15.1=py38h4a40e3a_2
   - libmamba==1.0.0=h9eff5f0_2
   - pip==22.3.1=pyhd8ed1ab_0
   - brotlipy==0.7.0=py38h0a891b7_1005
   - cryptography==38.0.4=py38h80a4ca7_0
   - libmambapy==1.0.0=py38h2cd2533_2
   - zstandard==0.19.0=py38h5945529_1
   - conda-package-streaming==0.7.0=pyhd8ed1ab_1
   - pyopenssl==22.1.0=pyhd8ed1ab_0
   - conda-package-handling==2.0.2=pyh38be061_0
   - urllib3==1.26.13=pyhd8ed1ab_0
   - requests==2.28.1=pyhd8ed1ab_1
   - conda==22.9.0=py38h578d9bd_2
   - mamba==1.0.0=py38haad2881_2


  Package                         Version  Build               Channel                    Size
────────────────────────────────────────────────────────────────────────────────────────────────
  Install:
────────────────────────────────────────────────────────────────────────────────────────────────

  + _libgcc_mutex                     0.1  conda_forge         conda-forge/linux-64     Cached
  + _openmp_mutex                     4.5  2_gnu               conda-forge/linux-64     Cached
  + brotlipy                        0.7.0  py38h0a891b7_1005   conda-forge/linux-64     Cached
  + bzip2                           1.0.8  h7f98852_4          conda-forge/linux-64     Cached
  + c-ares                         1.18.1  h7f98852_0          conda-forge/linux-64     Cached
  + ca-certificates             2022.9.24  ha878542_0          conda-forge/linux-64     Cached
  + certifi                     2022.9.24  pyhd8ed1ab_0        conda-forge/noarch       Cached
  + cffi                           1.15.1  py38h4a40e3a_2      conda-forge/linux-64     Cached
  + charset-normalizer              2.1.1  pyhd8ed1ab_0        conda-forge/noarch       Cached
  + conda                          22.9.0  py38h578d9bd_2      conda-forge/linux-64     Cached
  + conda-package-handling          2.0.2  pyh38be061_0        conda-forge/noarch       Cached
  + conda-package-streaming         0.7.0  pyhd8ed1ab_1        conda-forge/noarch       Cached
  + cryptography                   38.0.4  py38h80a4ca7_0      conda-forge/linux-64     Cached
  + fmt                             9.1.0  h924138e_0          conda-forge/linux-64     Cached
  + icu                              70.1  h27087fc_0          conda-forge/linux-64     Cached
  + idna                              3.4  pyhd8ed1ab_0        conda-forge/noarch       Cached
  + keyutils                        1.6.1  h166bdaf_0          conda-forge/linux-64     Cached
  + krb5                           1.19.3  h08a2579_0          conda-forge/linux-64     Cached
  + ld_impl_linux-64                 2.39  hcc3a1bd_1          conda-forge/linux-64     Cached
  + libarchive                      3.5.2  hada088e_3          conda-forge/linux-64     Cached
  + libcurl                        7.86.0  h2283fc2_1          conda-forge/linux-64     Cached
  + libedit                  3.1.20191231  he28a2e2_2          conda-forge/linux-64     Cached
  + libev                            4.33  h516909a_1          conda-forge/linux-64     Cached
  + libffi                          3.4.2  h7f98852_5          conda-forge/linux-64     Cached
  + libgcc-ng                      12.2.0  h65d4601_19         conda-forge/linux-64     Cached
  + libgomp                        12.2.0  h65d4601_19         conda-forge/linux-64     Cached
  + libiconv                         1.17  h166bdaf_0          conda-forge/linux-64     Cached
  + libmamba                        1.0.0  h9eff5f0_2          conda-forge/linux-64     Cached
  + libmambapy                      1.0.0  py38h2cd2533_2      conda-forge/linux-64     Cached
  + libnghttp2                     1.47.0  hff17c54_1          conda-forge/linux-64     Cached
  + libnsl                          2.0.0  h7f98852_0          conda-forge/linux-64     Cached
  + libsolv                        0.7.22  h6239696_0          conda-forge/linux-64     Cached
  + libsqlite                      3.40.0  h753d276_0          conda-forge/linux-64     Cached
  + libssh2                        1.10.0  hf14f497_3          conda-forge/linux-64     Cached
  + libstdcxx-ng                   12.2.0  h46fd767_19         conda-forge/linux-64     Cached
  + libuuid                        2.32.1  h7f98852_1000       conda-forge/linux-64     Cached
  + libxml2                        2.10.3  h7463322_0          conda-forge/linux-64     Cached
  + libzlib                        1.2.13  h166bdaf_4          conda-forge/linux-64     Cached
  + lz4-c                           1.9.3  h9c3ff4c_1          conda-forge/linux-64     Cached
  + lzo                              2.10  h516909a_1000       conda-forge/linux-64     Cached
  + mamba                           1.0.0  py38haad2881_2      conda-forge/linux-64     Cached
  + ncurses                           6.3  h27087fc_1          conda-forge/linux-64     Cached
  + openssl                         3.0.7  h0b41bf4_1          conda-forge/linux-64     Cached
  + pip                            22.3.1  pyhd8ed1ab_0        conda-forge/noarch       Cached
  + pybind11-abi                        4  hd8ed1ab_3          conda-forge/noarch       Cached
  + pycosat                         0.6.4  py38h0a891b7_1      conda-forge/linux-64     Cached
  + pycparser                        2.21  pyhd8ed1ab_0        conda-forge/noarch       Cached
  + pyopenssl                      22.1.0  pyhd8ed1ab_0        conda-forge/noarch       Cached
  + pysocks                         1.7.1  pyha2e5f31_6        conda-forge/noarch       Cached
  + python                         3.8.15  h4a9ceb5_0_cpython  conda-forge/linux-64     Cached
  + python_abi                        3.8  3_cp38              conda-forge/linux-64     Cached
  + readline                        8.1.2  h0f457ee_0          conda-forge/linux-64     Cached
  + reproc                         14.2.3  h7f98852_0          conda-forge/linux-64     Cached
  + reproc-cpp                     14.2.3  h9c3ff4c_0          conda-forge/linux-64     Cached
  + requests                       2.28.1  pyhd8ed1ab_1        conda-forge/noarch       Cached
  + ruamel_yaml                   0.15.80  py38h0a891b7_1008   conda-forge/linux-64     Cached
  + setuptools                     65.5.1  pyhd8ed1ab_0        conda-forge/noarch       Cached
  + tk                             8.6.12  h27826a3_0          conda-forge/linux-64     Cached
  + toolz                          0.12.0  pyhd8ed1ab_0        conda-forge/noarch       Cached
  + urllib3                       1.26.13  pyhd8ed1ab_0        conda-forge/noarch       Cached
  + wheel                          0.38.4  pyhd8ed1ab_0        conda-forge/noarch       Cached
  + xz                              5.2.6  h166bdaf_0          conda-forge/linux-64     Cached
  + yaml                            0.2.5  h7f98852_2          conda-forge/linux-64     Cached
  + yaml-cpp                        0.7.0  h27087fc_2          conda-forge/linux-64     Cached
  + zstandard                      0.19.0  py38h5945529_1      conda-forge/linux-64     Cached
  + zstd                            1.5.2  h6239696_4          conda-forge/linux-64     Cached

  Summary:

  Install: 66 packages

  Total download: 0 B

────────────────────────────────────────────────────────────────────────────────────────────────


Transaction starting
Linking _libgcc_mutex-0.1-conda_forge
Linking ca-certificates-2022.9.24-ha878542_0
Linking ld_impl_linux-64-2.39-hcc3a1bd_1
Linking libstdcxx-ng-12.2.0-h46fd767_19
Linking python_abi-3.8-3_cp38
Linking libgomp-12.2.0-h65d4601_19
Linking _openmp_mutex-4.5-2_gnu
Linking libgcc-ng-12.2.0-h65d4601_19
Linking yaml-cpp-0.7.0-h27087fc_2
Linking yaml-0.2.5-h7f98852_2
Linking xz-5.2.6-h166bdaf_0
Linking reproc-14.2.3-h7f98852_0
Linking openssl-3.0.7-h0b41bf4_1
Linking ncurses-6.3-h27087fc_1
Linking lzo-2.10-h516909a_1000
Linking lz4-c-1.9.3-h9c3ff4c_1
Linking libzlib-1.2.13-h166bdaf_4
Linking libuuid-2.32.1-h7f98852_1000
Linking libnsl-2.0.0-h7f98852_0
Linking libiconv-1.17-h166bdaf_0
Linking libffi-3.4.2-h7f98852_5
Linking libev-4.33-h516909a_1
Linking keyutils-1.6.1-h166bdaf_0
Linking icu-70.1-h27087fc_0
Linking fmt-9.1.0-h924138e_0
Linking c-ares-1.18.1-h7f98852_0
Linking bzip2-1.0.8-h7f98852_4
Linking reproc-cpp-14.2.3-h9c3ff4c_0
Linking readline-8.1.2-h0f457ee_0
Linking libedit-3.1.20191231-he28a2e2_2
Linking zstd-1.5.2-h6239696_4
Linking tk-8.6.12-h27826a3_0
Linking libssh2-1.10.0-hf14f497_3
Linking libsqlite-3.40.0-h753d276_0
Linking libsolv-0.7.22-h6239696_0
Linking libxml2-2.10.3-h7463322_0
Linking libnghttp2-1.47.0-hff17c54_1
Linking krb5-1.19.3-h08a2579_0
Linking python-3.8.15-h4a9ceb5_0_cpython
warning  libmamba [python-3.8.15-h4a9ceb5_0_cpython] The following files were already present in the environment:
    - bin/python
Linking libarchive-3.5.2-hada088e_3
Linking libcurl-7.86.0-h2283fc2_1
Linking libmamba-1.0.0-h9eff5f0_2
Linking pybind11-abi-4-hd8ed1ab_3
Linking wheel-0.38.4-pyhd8ed1ab_0
warning  libmamba [wheel-0.38.4-pyhd8ed1ab_0] The following files were already present in the environment:
    - bin/wheel
Linking setuptools-65.5.1-pyhd8ed1ab_0
Linking pip-22.3.1-pyhd8ed1ab_0
warning  libmamba [pip-22.3.1-pyhd8ed1ab_0] The following files were already present in the environment:
    - bin/pip
    - bin/pip3
Linking toolz-0.12.0-pyhd8ed1ab_0
Linking pysocks-1.7.1-pyha2e5f31_6
Linking pycparser-2.21-pyhd8ed1ab_0
Linking idna-3.4-pyhd8ed1ab_0
Linking charset-normalizer-2.1.1-pyhd8ed1ab_0
warning  libmamba [charset-normalizer-2.1.1-pyhd8ed1ab_0] The following files were already present in the environment:
    - bin/normalizer
Linking certifi-2022.9.24-pyhd8ed1ab_0
Linking libmambapy-1.0.0-py38h2cd2533_2
Linking ruamel_yaml-0.15.80-py38h0a891b7_1008
Linking pycosat-0.6.4-py38h0a891b7_1
Linking cffi-1.15.1-py38h4a40e3a_2
Linking zstandard-0.19.0-py38h5945529_1
Linking cryptography-38.0.4-py38h80a4ca7_0
Linking brotlipy-0.7.0-py38h0a891b7_1005
Linking conda-package-streaming-0.7.0-pyhd8ed1ab_1
Linking pyopenssl-22.1.0-pyhd8ed1ab_0
Linking conda-package-handling-2.0.2-pyh38be061_0
Linking urllib3-1.26.13-pyhd8ed1ab_0
Linking requests-2.28.1-pyhd8ed1ab_1
Linking conda-22.9.0-py38h578d9bd_2
Linking mamba-1.0.0-py38haad2881_2
Transaction finished
installation finished.
WARNING:
    You currently have a PYTHONPATH environment variable set. This may cause
    unexpected behavior when running the Python interpreter in Mambaforge-colab.
    For best results, please verify that your PYTHONPATH only points to
    directories of packages that are compatible with the Python interpreter
    in Mambaforge-colab: /usr/local
